#
# There is insufficient memory for the Java Runtime Environment to continue.
# Native memory allocation (malloc) failed to allocate 1146256 bytes. Error detail: Chunk::new
# Possible reasons:
#   The system is out of physical RAM or swap space
#   This process is running with CompressedOops enabled, and the Java Heap may be blocking the growth of the native heap
# Possible solutions:
#   Reduce memory load on the system
#   Increase physical memory or swap space
#   Check if swap backing store is full
#   Decrease Java heap size (-Xmx/-Xms)
#   Decrease number of Java threads
#   Decrease Java thread stack sizes (-Xss)
#   Set larger code cache with -XX:ReservedCodeCacheSize=
#   JVM is running with Unscaled Compressed Oops mode in which the Java heap is
#     placed in the first 4GB address space. The Java Heap base address is the
#     maximum limit for the native heap growth. Please use -XX:HeapBaseMinAddress
#     to set the Java Heap base and to place the Java Heap above 4GB virtual address.
# This output file may be truncated or incomplete.
#
#  Out of Memory Error (arena.cpp:191), pid=51088, tid=51192
#
# JRE version: OpenJDK Runtime Environment Microsoft-11369865 (17.0.15+6) (build 17.0.15+6-LTS)
# Java VM: OpenJDK 64-Bit Server VM Microsoft-11369865 (17.0.15+6-LTS, mixed mode, sharing, tiered, compressed oops, compressed class ptrs, g1 gc, windows-amd64)
# No core dump will be written. Minidumps are not enabled by default on client versions of Windows
#

---------------  S U M M A R Y ------------

Command Line: org.jetbrains.kotlin.cli.jvm.K2JVMCompiler @C:\Users\aherp\Desktop\react_native\HealthCard\android\app\build\20250721_17652433876034326550.compiler.options

Host: AMD Ryzen 5 7535HS with Radeon Graphics        , 12 cores, 7G,  Windows 11 , 64 bit Build 26100 (10.0.26100.4484)
Time: Mon Jul 21 14:01:08 2025 India Standard Time elapsed time: 4.651257 seconds (0d 0h 0m 4s)

---------------  T H R E A D  ---------------

Current thread (0x000001caf9a3a9c0):  JavaThread "C2 CompilerThread0" daemon [_thread_in_native, id=51192, stack(0x0000002da6200000,0x0000002da6300000)]


Current CompileTask:
C2:   4651 1130       4       org.jetbrains.kotlin.cli.jvm.compiler.jarfs.FastJarHandler::createFile (81 bytes)

Stack: [0x0000002da6200000,0x0000002da6300000]
Native frames: (J=compiled Java code, j=interpreted, Vv=VM code, C=native code)
V  [jvm.dll+0x6887a9]
V  [jvm.dll+0x83f5a8]
V  [jvm.dll+0x841053]
V  [jvm.dll+0x8416c3]
V  [jvm.dll+0x2496ef]
V  [jvm.dll+0xad134]
V  [jvm.dll+0xad7cc]
V  [jvm.dll+0x2b0e1f]
V  [jvm.dll+0x58e789]
V  [jvm.dll+0x223972]
V  [jvm.dll+0x21c704]
V  [jvm.dll+0x219c3b]
V  [jvm.dll+0x1a55f6]
V  [jvm.dll+0x22a39a]
V  [jvm.dll+0x2284db]
V  [jvm.dll+0x7f4e28]
V  [jvm.dll+0x7ef2dc]
V  [jvm.dll+0x687687]
C  [ucrtbase.dll+0x37b0]
C  [KERNEL32.DLL+0x2e8d7]
C  [ntdll.dll+0x3c34c]


---------------  P R O C E S S  ---------------

Threads class SMR info:
_java_thread_list=0x000001cafe5da600, length=13, elements={
0x000001cadb88c5d0, 0x000001caf99ee730, 0x000001caf99f1300, 0x000001caf9a08a00,
0x000001caf9a0b6e0, 0x000001caf9a0bfb0, 0x000001caf9a0e890, 0x000001caf9a3a9c0,
0x000001caf9a3d2e0, 0x000001caf9a3dbf0, 0x000001caf9b7e490, 0x000001caf9b811e0,
0x000001cafe57c030
}

Java Threads: ( => current thread )
  0x000001cadb88c5d0 JavaThread "main" [_thread_in_Java, id=51140, stack(0x0000002da5500000,0x0000002da5600000)]
  0x000001caf99ee730 JavaThread "Reference Handler" daemon [_thread_blocked, id=51168, stack(0x0000002da5c00000,0x0000002da5d00000)]
  0x000001caf99f1300 JavaThread "Finalizer" daemon [_thread_blocked, id=51172, stack(0x0000002da5d00000,0x0000002da5e00000)]
  0x000001caf9a08a00 JavaThread "Signal Dispatcher" daemon [_thread_blocked, id=51176, stack(0x0000002da5e00000,0x0000002da5f00000)]
  0x000001caf9a0b6e0 JavaThread "Attach Listener" daemon [_thread_blocked, id=51180, stack(0x0000002da5f00000,0x0000002da6000000)]
  0x000001caf9a0bfb0 JavaThread "Service Thread" daemon [_thread_blocked, id=51184, stack(0x0000002da6000000,0x0000002da6100000)]
  0x000001caf9a0e890 JavaThread "Monitor Deflation Thread" daemon [_thread_blocked, id=51188, stack(0x0000002da6100000,0x0000002da6200000)]
=>0x000001caf9a3a9c0 JavaThread "C2 CompilerThread0" daemon [_thread_in_native, id=51192, stack(0x0000002da6200000,0x0000002da6300000)]
  0x000001caf9a3d2e0 JavaThread "C1 CompilerThread0" daemon [_thread_blocked, id=51196, stack(0x0000002da6300000,0x0000002da6400000)]
  0x000001caf9a3dbf0 JavaThread "Sweeper thread" daemon [_thread_blocked, id=50204, stack(0x0000002da6400000,0x0000002da6500000)]
  0x000001caf9b7e490 JavaThread "Notification Thread" daemon [_thread_blocked, id=50216, stack(0x0000002da6500000,0x0000002da6600000)]
  0x000001caf9b811e0 JavaThread "Common-Cleaner" daemon [_thread_blocked, id=50212, stack(0x0000002da6700000,0x0000002da6800000)]
  0x000001cafe57c030 JavaThread "C2 CompilerThread1" daemon [_thread_in_native, id=46880, stack(0x0000002da6800000,0x0000002da6900000)]

Other Threads:
  0x000001caf99e9740 VMThread "VM Thread" [stack: 0x0000002da5b00000,0x0000002da5c00000] [id=51164]
  0x000001caf9b80980 WatcherThread [stack: 0x0000002da6600000,0x0000002da6700000] [id=50220]
  0x000001cadb8e4e70 GCTaskThread "GC Thread#0" [stack: 0x0000002da5600000,0x0000002da5700000] [id=51144]
  0x000001cafe2463e0 GCTaskThread "GC Thread#1" [stack: 0x0000002da6900000,0x0000002da6a00000] [id=50396]
  0x000001cafe28d030 GCTaskThread "GC Thread#2" [stack: 0x0000002da6a00000,0x0000002da6b00000] [id=50348]
  0x000001cafe28d2f0 GCTaskThread "GC Thread#3" [stack: 0x0000002da6b00000,0x0000002da6c00000] [id=50404]
  0x000001cafe2ac990 GCTaskThread "GC Thread#4" [stack: 0x0000002da6c00000,0x0000002da6d00000] [id=50400]
  0x000001cafe2b0c60 GCTaskThread "GC Thread#5" [stack: 0x0000002da6d00000,0x0000002da6e00000] [id=46584]
  0x000001cafebb2ce0 GCTaskThread "GC Thread#6" [stack: 0x0000002da6f00000,0x0000002da7000000] [id=47040]
  0x000001cafed17f10 GCTaskThread "GC Thread#7" [stack: 0x0000002da7000000,0x0000002da7100000] [id=48484]
  0x000001cafe9ae8b0 GCTaskThread "GC Thread#8" [stack: 0x0000002da7100000,0x0000002da7200000] [id=47248]
  0x000001cadb8f4560 ConcurrentGCThread "G1 Main Marker" [stack: 0x0000002da5700000,0x0000002da5800000] [id=51148]
  0x000001cadb8f7140 ConcurrentGCThread "G1 Conc#0" [stack: 0x0000002da5800000,0x0000002da5900000] [id=51152]
  0x000001caf989c110 ConcurrentGCThread "G1 Refine#0" [stack: 0x0000002da5900000,0x0000002da5a00000] [id=51156]
  0x000001caff3727b0 ConcurrentGCThread "G1 Refine#1" [stack: 0x0000002da7200000,0x0000002da7300000] [id=47264]
  0x000001cafed177d0 ConcurrentGCThread "G1 Refine#2" [stack: 0x0000002da7300000,0x0000002da7400000] [id=51008]
  0x000001caf989c9e0 ConcurrentGCThread "G1 Service" [stack: 0x0000002da5a00000,0x0000002da5b00000] [id=51160]

Threads with active compile tasks:
C2 CompilerThread0     5668 1130       4       org.jetbrains.kotlin.cli.jvm.compiler.jarfs.FastJarHandler::createFile (81 bytes)
C2 CompilerThread1     5668 1129       4       org.jetbrains.kotlin.cli.jvm.compiler.jarfs.FastJarHandler::getOrCreateDirectory (106 bytes)

VM state: not at safepoint (normal execution)

VM Mutex/Monitor currently owned by a thread: None

Heap address: 0x000000008ce00000, size: 1842 MB, Compressed Oops mode: 32-bit

CDS archive(s) mapped at: [0x000001ca80000000-0x000001ca80bb0000-0x000001ca80bb0000), size 12255232, SharedBaseAddress: 0x000001ca80000000, ArchiveRelocationMode: 1.
Compressed class space mapped at: 0x000001ca81000000-0x000001cac1000000, reserved size: 1073741824
Narrow klass base: 0x000001ca80000000, Narrow klass shift: 0, Narrow klass range: 0x100000000

GC Precious Log:
 CPUs: 12 total, 12 available
 Memory: 7365M
 Large Page Support: Disabled
 NUMA Support: Disabled
 Compressed Oops: Enabled (32-bit)
 Heap Region Size: 1M
 Heap Min Capacity: 8M
 Heap Initial Capacity: 116M
 Heap Max Capacity: 1842M
 Pre-touch: Disabled
 Parallel Workers: 10
 Concurrent Workers: 3
 Concurrent Refinement Workers: 10
 Periodic GC: Disabled

Heap:
 garbage-first heap   total 118784K, used 14430K [0x000000008ce00000, 0x0000000100000000)
  region size 1024K, 8 young (8192K), 5 survivors (5120K)
 Metaspace       used 14303K, committed 14528K, reserved 1114112K
  class space    used 1553K, committed 1664K, reserved 1048576K

Heap Regions: E=young(eden), S=young(survivor), O=old, HS=humongous(starts), HC=humongous(continues), CS=collection set, F=free, OA=open archive, CA=closed archive, TAMS=top-at-mark-start (previous, next)
|   0|0x000000008ce00000, 0x000000008cf00000, 0x000000008cf00000|100%|HS|  |TAMS 0x000000008ce00000, 0x000000008ce00000| Complete 
|   1|0x000000008cf00000, 0x000000008d000000, 0x000000008d000000|100%|HC|  |TAMS 0x000000008cf00000, 0x000000008cf00000| Complete 
|   2|0x000000008d000000, 0x000000008d100000, 0x000000008d100000|100%|HC|  |TAMS 0x000000008d000000, 0x000000008d000000| Complete 
|   3|0x000000008d100000, 0x000000008d200000, 0x000000008d200000|100%| O|  |TAMS 0x000000008d100000, 0x000000008d100000| Untracked 
|   4|0x000000008d200000, 0x000000008d300000, 0x000000008d300000|100%| O|  |TAMS 0x000000008d200000, 0x000000008d200000| Untracked 
|   5|0x000000008d300000, 0x000000008d400000, 0x000000008d400000|100%| O|  |TAMS 0x000000008d300000, 0x000000008d300000| Untracked 
|   6|0x000000008d400000, 0x000000008d500000, 0x000000008d500000|100%| O|  |TAMS 0x000000008d400000, 0x000000008d400000| Untracked 
|   7|0x000000008d500000, 0x000000008d517800, 0x000000008d600000|  9%| O|  |TAMS 0x000000008d500000, 0x000000008d500000| Untracked 
|   8|0x000000008d600000, 0x000000008d600000, 0x000000008d700000|  0%| F|  |TAMS 0x000000008d600000, 0x000000008d600000| Untracked 
|   9|0x000000008d700000, 0x000000008d700000, 0x000000008d800000|  0%| F|  |TAMS 0x000000008d700000, 0x000000008d700000| Untracked 
|  10|0x000000008d800000, 0x000000008d800000, 0x000000008d900000|  0%| F|  |TAMS 0x000000008d800000, 0x000000008d800000| Untracked 
|  11|0x000000008d900000, 0x000000008d900000, 0x000000008da00000|  0%| F|  |TAMS 0x000000008d900000, 0x000000008d900000| Untracked 
|  12|0x000000008da00000, 0x000000008da00000, 0x000000008db00000|  0%| F|  |TAMS 0x000000008da00000, 0x000000008da00000| Untracked 
|  13|0x000000008db00000, 0x000000008db00000, 0x000000008dc00000|  0%| F|  |TAMS 0x000000008db00000, 0x000000008db00000| Untracked 
|  14|0x000000008dc00000, 0x000000008dc00000, 0x000000008dd00000|  0%| F|  |TAMS 0x000000008dc00000, 0x000000008dc00000| Untracked 
|  15|0x000000008dd00000, 0x000000008dd00000, 0x000000008de00000|  0%| F|  |TAMS 0x000000008dd00000, 0x000000008dd00000| Untracked 
|  16|0x000000008de00000, 0x000000008de00000, 0x000000008df00000|  0%| F|  |TAMS 0x000000008de00000, 0x000000008de00000| Untracked 
|  17|0x000000008df00000, 0x000000008df00000, 0x000000008e000000|  0%| F|  |TAMS 0x000000008df00000, 0x000000008df00000| Untracked 
|  18|0x000000008e000000, 0x000000008e000000, 0x000000008e100000|  0%| F|  |TAMS 0x000000008e000000, 0x000000008e000000| Untracked 
|  19|0x000000008e100000, 0x000000008e100000, 0x000000008e200000|  0%| F|  |TAMS 0x000000008e100000, 0x000000008e100000| Untracked 
|  20|0x000000008e200000, 0x000000008e200000, 0x000000008e300000|  0%| F|  |TAMS 0x000000008e200000, 0x000000008e200000| Untracked 
|  21|0x000000008e300000, 0x000000008e300000, 0x000000008e400000|  0%| F|  |TAMS 0x000000008e300000, 0x000000008e300000| Untracked 
|  22|0x000000008e400000, 0x000000008e400000, 0x000000008e500000|  0%| F|  |TAMS 0x000000008e400000, 0x000000008e400000| Untracked 
|  23|0x000000008e500000, 0x000000008e500000, 0x000000008e600000|  0%| F|  |TAMS 0x000000008e500000, 0x000000008e500000| Untracked 
|  24|0x000000008e600000, 0x000000008e600000, 0x000000008e700000|  0%| F|  |TAMS 0x000000008e600000, 0x000000008e600000| Untracked 
|  25|0x000000008e700000, 0x000000008e700000, 0x000000008e800000|  0%| F|  |TAMS 0x000000008e700000, 0x000000008e700000| Untracked 
|  26|0x000000008e800000, 0x000000008e800000, 0x000000008e900000|  0%| F|  |TAMS 0x000000008e800000, 0x000000008e800000| Untracked 
|  27|0x000000008e900000, 0x000000008e900000, 0x000000008ea00000|  0%| F|  |TAMS 0x000000008e900000, 0x000000008e900000| Untracked 
|  28|0x000000008ea00000, 0x000000008ea00000, 0x000000008eb00000|  0%| F|  |TAMS 0x000000008ea00000, 0x000000008ea00000| Untracked 
|  29|0x000000008eb00000, 0x000000008eb00000, 0x000000008ec00000|  0%| F|  |TAMS 0x000000008eb00000, 0x000000008eb00000| Untracked 
|  30|0x000000008ec00000, 0x000000008ec00000, 0x000000008ed00000|  0%| F|  |TAMS 0x000000008ec00000, 0x000000008ec00000| Untracked 
|  31|0x000000008ed00000, 0x000000008ed00000, 0x000000008ee00000|  0%| F|  |TAMS 0x000000008ed00000, 0x000000008ed00000| Untracked 
|  32|0x000000008ee00000, 0x000000008ee00000, 0x000000008ef00000|  0%| F|  |TAMS 0x000000008ee00000, 0x000000008ee00000| Untracked 
|  33|0x000000008ef00000, 0x000000008ef00000, 0x000000008f000000|  0%| F|  |TAMS 0x000000008ef00000, 0x000000008ef00000| Untracked 
|  34|0x000000008f000000, 0x000000008f000000, 0x000000008f100000|  0%| F|  |TAMS 0x000000008f000000, 0x000000008f000000| Untracked 
|  35|0x000000008f100000, 0x000000008f100000, 0x000000008f200000|  0%| F|  |TAMS 0x000000008f100000, 0x000000008f100000| Untracked 
|  36|0x000000008f200000, 0x000000008f200000, 0x000000008f300000|  0%| F|  |TAMS 0x000000008f200000, 0x000000008f200000| Untracked 
|  37|0x000000008f300000, 0x000000008f300000, 0x000000008f400000|  0%| F|  |TAMS 0x000000008f300000, 0x000000008f300000| Untracked 
|  38|0x000000008f400000, 0x000000008f400000, 0x000000008f500000|  0%| F|  |TAMS 0x000000008f400000, 0x000000008f400000| Untracked 
|  39|0x000000008f500000, 0x000000008f500000, 0x000000008f600000|  0%| F|  |TAMS 0x000000008f500000, 0x000000008f500000| Untracked 
|  40|0x000000008f600000, 0x000000008f600000, 0x000000008f700000|  0%| F|  |TAMS 0x000000008f600000, 0x000000008f600000| Untracked 
|  41|0x000000008f700000, 0x000000008f700000, 0x000000008f800000|  0%| F|  |TAMS 0x000000008f700000, 0x000000008f700000| Untracked 
|  42|0x000000008f800000, 0x000000008f800000, 0x000000008f900000|  0%| F|  |TAMS 0x000000008f800000, 0x000000008f800000| Untracked 
|  43|0x000000008f900000, 0x000000008f900000, 0x000000008fa00000|  0%| F|  |TAMS 0x000000008f900000, 0x000000008f900000| Untracked 
|  44|0x000000008fa00000, 0x000000008fa00000, 0x000000008fb00000|  0%| F|  |TAMS 0x000000008fa00000, 0x000000008fa00000| Untracked 
|  45|0x000000008fb00000, 0x000000008fb00000, 0x000000008fc00000|  0%| F|  |TAMS 0x000000008fb00000, 0x000000008fb00000| Untracked 
|  46|0x000000008fc00000, 0x000000008fc00000, 0x000000008fd00000|  0%| F|  |TAMS 0x000000008fc00000, 0x000000008fc00000| Untracked 
|  47|0x000000008fd00000, 0x000000008fd00000, 0x000000008fe00000|  0%| F|  |TAMS 0x000000008fd00000, 0x000000008fd00000| Untracked 
|  48|0x000000008fe00000, 0x000000008fe00000, 0x000000008ff00000|  0%| F|  |TAMS 0x000000008fe00000, 0x000000008fe00000| Untracked 
|  49|0x000000008ff00000, 0x000000008ff00000, 0x0000000090000000|  0%| F|  |TAMS 0x000000008ff00000, 0x000000008ff00000| Untracked 
|  50|0x0000000090000000, 0x0000000090000000, 0x0000000090100000|  0%| F|  |TAMS 0x0000000090000000, 0x0000000090000000| Untracked 
|  51|0x0000000090100000, 0x0000000090100000, 0x0000000090200000|  0%| F|  |TAMS 0x0000000090100000, 0x0000000090100000| Untracked 
|  52|0x0000000090200000, 0x0000000090200000, 0x0000000090300000|  0%| F|  |TAMS 0x0000000090200000, 0x0000000090200000| Untracked 
|  53|0x0000000090300000, 0x0000000090300000, 0x0000000090400000|  0%| F|  |TAMS 0x0000000090300000, 0x0000000090300000| Untracked 
|  54|0x0000000090400000, 0x0000000090400000, 0x0000000090500000|  0%| F|  |TAMS 0x0000000090400000, 0x0000000090400000| Untracked 
|  55|0x0000000090500000, 0x0000000090500000, 0x0000000090600000|  0%| F|  |TAMS 0x0000000090500000, 0x0000000090500000| Untracked 
|  56|0x0000000090600000, 0x0000000090600000, 0x0000000090700000|  0%| F|  |TAMS 0x0000000090600000, 0x0000000090600000| Untracked 
|  57|0x0000000090700000, 0x0000000090700000, 0x0000000090800000|  0%| F|  |TAMS 0x0000000090700000, 0x0000000090700000| Untracked 
|  58|0x0000000090800000, 0x0000000090800000, 0x0000000090900000|  0%| F|  |TAMS 0x0000000090800000, 0x0000000090800000| Untracked 
|  59|0x0000000090900000, 0x0000000090900000, 0x0000000090a00000|  0%| F|  |TAMS 0x0000000090900000, 0x0000000090900000| Untracked 
|  60|0x0000000090a00000, 0x0000000090a00000, 0x0000000090b00000|  0%| F|  |TAMS 0x0000000090a00000, 0x0000000090a00000| Untracked 
|  61|0x0000000090b00000, 0x0000000090b00000, 0x0000000090c00000|  0%| F|  |TAMS 0x0000000090b00000, 0x0000000090b00000| Untracked 
|  62|0x0000000090c00000, 0x0000000090c00000, 0x0000000090d00000|  0%| F|  |TAMS 0x0000000090c00000, 0x0000000090c00000| Untracked 
|  63|0x0000000090d00000, 0x0000000090d00000, 0x0000000090e00000|  0%| F|  |TAMS 0x0000000090d00000, 0x0000000090d00000| Untracked 
|  64|0x0000000090e00000, 0x0000000090e00000, 0x0000000090f00000|  0%| F|  |TAMS 0x0000000090e00000, 0x0000000090e00000| Untracked 
|  65|0x0000000090f00000, 0x0000000090f00000, 0x0000000091000000|  0%| F|  |TAMS 0x0000000090f00000, 0x0000000090f00000| Untracked 
|  66|0x0000000091000000, 0x0000000091000000, 0x0000000091100000|  0%| F|  |TAMS 0x0000000091000000, 0x0000000091000000| Untracked 
|  67|0x0000000091100000, 0x0000000091100000, 0x0000000091200000|  0%| F|  |TAMS 0x0000000091100000, 0x0000000091100000| Untracked 
|  68|0x0000000091200000, 0x0000000091200000, 0x0000000091300000|  0%| F|  |TAMS 0x0000000091200000, 0x0000000091200000| Untracked 
|  69|0x0000000091300000, 0x0000000091300000, 0x0000000091400000|  0%| F|  |TAMS 0x0000000091300000, 0x0000000091300000| Untracked 
|  70|0x0000000091400000, 0x0000000091400000, 0x0000000091500000|  0%| F|  |TAMS 0x0000000091400000, 0x0000000091400000| Untracked 
|  71|0x0000000091500000, 0x0000000091500000, 0x0000000091600000|  0%| F|  |TAMS 0x0000000091500000, 0x0000000091500000| Untracked 
|  72|0x0000000091600000, 0x0000000091600000, 0x0000000091700000|  0%| F|  |TAMS 0x0000000091600000, 0x0000000091600000| Untracked 
|  73|0x0000000091700000, 0x0000000091700000, 0x0000000091800000|  0%| F|  |TAMS 0x0000000091700000, 0x0000000091700000| Untracked 
|  74|0x0000000091800000, 0x0000000091800000, 0x0000000091900000|  0%| F|  |TAMS 0x0000000091800000, 0x0000000091800000| Untracked 
|  75|0x0000000091900000, 0x0000000091a00000, 0x0000000091a00000|100%| S|CS|TAMS 0x0000000091900000, 0x0000000091900000| Complete 
|  76|0x0000000091a00000, 0x0000000091b00000, 0x0000000091b00000|100%| S|CS|TAMS 0x0000000091a00000, 0x0000000091a00000| Complete 
|  77|0x0000000091b00000, 0x0000000091c00000, 0x0000000091c00000|100%| S|CS|TAMS 0x0000000091b00000, 0x0000000091b00000| Complete 
|  78|0x0000000091c00000, 0x0000000091d00000, 0x0000000091d00000|100%| S|CS|TAMS 0x0000000091c00000, 0x0000000091c00000| Complete 
|  79|0x0000000091d00000, 0x0000000091e00000, 0x0000000091e00000|100%| S|CS|TAMS 0x0000000091d00000, 0x0000000091d00000| Complete 
|  80|0x0000000091e00000, 0x0000000091e00000, 0x0000000091f00000|  0%| F|  |TAMS 0x0000000091e00000, 0x0000000091e00000| Untracked 
|  81|0x0000000091f00000, 0x0000000091f00000, 0x0000000092000000|  0%| F|  |TAMS 0x0000000091f00000, 0x0000000091f00000| Untracked 
|  82|0x0000000092000000, 0x0000000092000000, 0x0000000092100000|  0%| F|  |TAMS 0x0000000092000000, 0x0000000092000000| Untracked 
|  83|0x0000000092100000, 0x0000000092100000, 0x0000000092200000|  0%| F|  |TAMS 0x0000000092100000, 0x0000000092100000| Untracked 
|  84|0x0000000092200000, 0x0000000092200000, 0x0000000092300000|  0%| F|  |TAMS 0x0000000092200000, 0x0000000092200000| Untracked 
|  85|0x0000000092300000, 0x0000000092300000, 0x0000000092400000|  0%| F|  |TAMS 0x0000000092300000, 0x0000000092300000| Untracked 
|  86|0x0000000092400000, 0x0000000092400000, 0x0000000092500000|  0%| F|  |TAMS 0x0000000092400000, 0x0000000092400000| Untracked 
|  87|0x0000000092500000, 0x0000000092500000, 0x0000000092600000|  0%| F|  |TAMS 0x0000000092500000, 0x0000000092500000| Untracked 
|  88|0x0000000092600000, 0x0000000092600000, 0x0000000092700000|  0%| F|  |TAMS 0x0000000092600000, 0x0000000092600000| Untracked 
|  89|0x0000000092700000, 0x0000000092700000, 0x0000000092800000|  0%| F|  |TAMS 0x0000000092700000, 0x0000000092700000| Untracked 
|  90|0x0000000092800000, 0x0000000092800000, 0x0000000092900000|  0%| F|  |TAMS 0x0000000092800000, 0x0000000092800000| Untracked 
|  91|0x0000000092900000, 0x0000000092900000, 0x0000000092a00000|  0%| F|  |TAMS 0x0000000092900000, 0x0000000092900000| Untracked 
|  92|0x0000000092a00000, 0x0000000092a00000, 0x0000000092b00000|  0%| F|  |TAMS 0x0000000092a00000, 0x0000000092a00000| Untracked 
|  93|0x0000000092b00000, 0x0000000092b00000, 0x0000000092c00000|  0%| F|  |TAMS 0x0000000092b00000, 0x0000000092b00000| Untracked 
|  94|0x0000000092c00000, 0x0000000092c00000, 0x0000000092d00000|  0%| F|  |TAMS 0x0000000092c00000, 0x0000000092c00000| Untracked 
|  95|0x0000000092d00000, 0x0000000092d00000, 0x0000000092e00000|  0%| F|  |TAMS 0x0000000092d00000, 0x0000000092d00000| Untracked 
|  96|0x0000000092e00000, 0x0000000092e00000, 0x0000000092f00000|  0%| F|  |TAMS 0x0000000092e00000, 0x0000000092e00000| Untracked 
|  97|0x0000000092f00000, 0x0000000092f00000, 0x0000000093000000|  0%| F|  |TAMS 0x0000000092f00000, 0x0000000092f00000| Untracked 
|  98|0x0000000093000000, 0x0000000093000000, 0x0000000093100000|  0%| F|  |TAMS 0x0000000093000000, 0x0000000093000000| Untracked 
|  99|0x0000000093100000, 0x0000000093100000, 0x0000000093200000|  0%| F|  |TAMS 0x0000000093100000, 0x0000000093100000| Untracked 
| 100|0x0000000093200000, 0x0000000093200000, 0x0000000093300000|  0%| F|  |TAMS 0x0000000093200000, 0x0000000093200000| Untracked 
| 101|0x0000000093300000, 0x0000000093300000, 0x0000000093400000|  0%| F|  |TAMS 0x0000000093300000, 0x0000000093300000| Untracked 
| 102|0x0000000093400000, 0x0000000093400000, 0x0000000093500000|  0%| F|  |TAMS 0x0000000093400000, 0x0000000093400000| Untracked 
| 103|0x0000000093500000, 0x0000000093500000, 0x0000000093600000|  0%| F|  |TAMS 0x0000000093500000, 0x0000000093500000| Untracked 
| 104|0x0000000093600000, 0x0000000093600000, 0x0000000093700000|  0%| F|  |TAMS 0x0000000093600000, 0x0000000093600000| Untracked 
| 105|0x0000000093700000, 0x0000000093700000, 0x0000000093800000|  0%| F|  |TAMS 0x0000000093700000, 0x0000000093700000| Untracked 
| 106|0x0000000093800000, 0x0000000093800000, 0x0000000093900000|  0%| F|  |TAMS 0x0000000093800000, 0x0000000093800000| Untracked 
| 107|0x0000000093900000, 0x0000000093900000, 0x0000000093a00000|  0%| F|  |TAMS 0x0000000093900000, 0x0000000093900000| Untracked 
| 108|0x0000000093a00000, 0x0000000093a00000, 0x0000000093b00000|  0%| F|  |TAMS 0x0000000093a00000, 0x0000000093a00000| Untracked 
| 109|0x0000000093b00000, 0x0000000093b00000, 0x0000000093c00000|  0%| F|  |TAMS 0x0000000093b00000, 0x0000000093b00000| Untracked 
| 110|0x0000000093c00000, 0x0000000093c00000, 0x0000000093d00000|  0%| F|  |TAMS 0x0000000093c00000, 0x0000000093c00000| Untracked 
| 111|0x0000000093d00000, 0x0000000093d00000, 0x0000000093e00000|  0%| F|  |TAMS 0x0000000093d00000, 0x0000000093d00000| Untracked 
| 112|0x0000000093e00000, 0x0000000093e00000, 0x0000000093f00000|  0%| F|  |TAMS 0x0000000093e00000, 0x0000000093e00000| Untracked 
| 113|0x0000000093f00000, 0x0000000094000000, 0x0000000094000000|100%| E|  |TAMS 0x0000000093f00000, 0x0000000093f00000| Complete 
| 114|0x0000000094000000, 0x0000000094100000, 0x0000000094100000|100%| E|CS|TAMS 0x0000000094000000, 0x0000000094000000| Complete 
| 115|0x0000000094100000, 0x0000000094200000, 0x0000000094200000|100%| E|CS|TAMS 0x0000000094100000, 0x0000000094100000| Complete 

Card table byte_map: [0x000001caf2cc0000,0x000001caf3060000] _byte_map_base: 0x000001caf2859000

Marking Bits (Prev, Next): (CMBitMap*) 0x000001cadb8e5490, (CMBitMap*) 0x000001cadb8e54d0
 Prev Bits: [0x000001caf3400000, 0x000001caf50c8000)
 Next Bits: [0x000001caf50d0000, 0x000001caf6d98000)

Polling page: 0x000001cadb020000

Metaspace:

Usage:
  Non-class:     12.47 MB used.
      Class:      1.52 MB used.
       Both:     13.99 MB used.

Virtual space:
  Non-class space:       64.00 MB reserved,      12.56 MB ( 20%) committed,  1 nodes.
      Class space:        1.00 GB reserved,       1.62 MB ( <1%) committed,  1 nodes.
             Both:        1.06 GB reserved,      14.19 MB (  1%) committed. 

Chunk freelists:
   Non-Class:  1.28 MB
       Class:  14.35 MB
        Both:  15.63 MB

MaxMetaspaceSize: unlimited
CompressedClassSpaceSize: 1.00 GB
Initial GC threshold: 21.00 MB
Current GC threshold: 21.00 MB
CDS: on
MetaspaceReclaimPolicy: balanced
 - commit_granule_bytes: 65536.
 - commit_granule_words: 8192.
 - virtual_space_node_default_size: 8388608.
 - enlarge_chunks_in_place: 1.
 - new_chunks_are_fully_committed: 0.
 - uncommit_free_chunks: 1.
 - use_allocation_guard: 0.
 - handle_deallocations: 1.


Internal statistics:

num_allocs_failed_limit: 0.
num_arena_births: 150.
num_arena_deaths: 0.
num_vsnodes_births: 2.
num_vsnodes_deaths: 0.
num_space_committed: 227.
num_space_uncommitted: 0.
num_chunks_returned_to_freelist: 0.
num_chunks_taken_from_freelist: 658.
num_chunk_merges: 0.
num_chunk_splits: 482.
num_chunks_enlarged: 414.
num_inconsistent_stats: 0.

CodeHeap 'non-profiled nmethods': size=120000Kb used=475Kb max_used=475Kb free=119524Kb
 bounds [0x000001caeaea0000, 0x000001caeb110000, 0x000001caf23d0000]
CodeHeap 'profiled nmethods': size=120000Kb used=2006Kb max_used=2006Kb free=117993Kb
 bounds [0x000001cae33d0000, 0x000001cae3640000, 0x000001caea900000]
CodeHeap 'non-nmethods': size=5760Kb used=1196Kb max_used=1225Kb free=4563Kb
 bounds [0x000001caea900000, 0x000001caeab70000, 0x000001caeaea0000]
 total_blobs=1701 nmethods=1203 adapters=411
 compilation: enabled
              stopped_count=0, restarted_count=0
 full_count=0

Compilation events (20 events):
Event: 3.593 Thread 0x000001caf9a3d2e0 1186       3       java.lang.invoke.DirectMethodHandle::preparedLambdaForm (244 bytes)
Event: 3.595 Thread 0x000001caf9a3d2e0 nmethod 1186 0x000001cae35bad10 code [0x000001cae35bb000, 0x000001cae35bbf38]
Event: 3.595 Thread 0x000001caf9a3d2e0 1187   !   3       java.lang.invoke.MethodHandleNatives::linkMethodHandleConstant (50 bytes)
Event: 3.596 Thread 0x000001caf9a3d2e0 nmethod 1187 0x000001cae35bc510 code [0x000001cae35bc6e0, 0x000001cae35bc8c8]
Event: 3.596 Thread 0x000001caf9a3d2e0 1188       3       java.lang.invoke.MethodHandles$Lookup::linkMethodHandleConstant (223 bytes)
Event: 3.597 Thread 0x000001caf9a3d2e0 nmethod 1188 0x000001cae35bca90 code [0x000001cae35bce60, 0x000001cae35be688]
Event: 3.617 Thread 0x000001caf9a3d2e0 1190       3       sun.invoke.util.VerifyAccess::isTypeVisible (47 bytes)
Event: 3.618 Thread 0x000001cafebca6e0 1191       4       java.lang.Math::max (11 bytes)
Event: 3.618 Thread 0x000001caf9a3d2e0 nmethod 1190 0x000001cae35bee10 code [0x000001cae35bf000, 0x000001cae35bf3f8]
Event: 3.618 Thread 0x000001cafebca6e0 nmethod 1191 0x000001caeaf15990 code [0x000001caeaf15b00, 0x000001caeaf15b58]
Event: 3.619 Thread 0x000001caf9a3d2e0 1194       3       java.lang.invoke.DirectMethodHandle::preparedLambdaForm (6 bytes)
Event: 3.619 Thread 0x000001caf9a3d2e0 nmethod 1194 0x000001cae35bf610 code [0x000001cae35bf7a0, 0x000001cae35bf8c8]
Event: 3.620 Thread 0x000001caf9a3d2e0 1196       3       java.lang.invoke.InvokerBytecodeGenerator::emitPushArgument (150 bytes)
Event: 3.620 Thread 0x000001cafebca6e0 1197       4       java.lang.String::indexOf (29 bytes)
Event: 3.621 Thread 0x000001caf9a3d2e0 nmethod 1196 0x000001cae35bf990 code [0x000001cae35bfc60, 0x000001cae35c0b08]
Event: 3.622 Thread 0x000001cafebca6e0 nmethod 1197 0x000001caeaf16590 code [0x000001caeaf16720, 0x000001caeaf16958]
Event: 3.629 Thread 0x000001caf9a3d2e0 1198       3       java.io.WinNTFileSystem::prefixLength (91 bytes)
Event: 3.630 Thread 0x000001caf9a3d2e0 nmethod 1198 0x000001cae35c0f10 code [0x000001cae35c1220, 0x000001cae35c2518]
Event: 3.630 Thread 0x000001caf9a3d2e0 1199       3       java.lang.StringBuilder::append (6 bytes)
Event: 3.631 Thread 0x000001caf9a3d2e0 nmethod 1199 0x000001cae35c2b90 code [0x000001cae35c2d40, 0x000001cae35c2ee8]

GC Heap History (4 events):
Event: 0.678 GC heap before
{Heap before GC invocations=0 (full 0):
 garbage-first heap   total 118784K, used 26624K [0x000000008ce00000, 0x0000000100000000)
  region size 1024K, 23 young (23552K), 0 survivors (0K)
 Metaspace       used 7180K, committed 7296K, reserved 1114112K
  class space    used 670K, committed 704K, reserved 1048576K
}
Event: 0.682 GC heap after
{Heap after GC invocations=1 (full 0):
 garbage-first heap   total 118784K, used 6063K [0x000000008ce00000, 0x0000000100000000)
  region size 1024K, 3 young (3072K), 3 survivors (3072K)
 Metaspace       used 7180K, committed 7296K, reserved 1114112K
  class space    used 670K, committed 704K, reserved 1048576K
}
Event: 3.526 GC heap before
{Heap before GC invocations=1 (full 0):
 garbage-first heap   total 118784K, used 39855K [0x000000008ce00000, 0x0000000100000000)
  region size 1024K, 36 young (36864K), 3 survivors (3072K)
 Metaspace       used 13732K, committed 13952K, reserved 1114112K
  class space    used 1479K, committed 1600K, reserved 1048576K
}
Event: 3.536 GC heap after
{Heap after GC invocations=2 (full 0):
 garbage-first heap   total 118784K, used 12382K [0x000000008ce00000, 0x0000000100000000)
  region size 1024K, 5 young (5120K), 5 survivors (5120K)
 Metaspace       used 13732K, committed 13952K, reserved 1114112K
  class space    used 1479K, committed 1600K, reserved 1048576K
}

Dll operation events (6 events):
Event: 0.012 Loaded shared library C:\Program Files\Microsoft\jdk-17.0.15.6-hotspot\bin\java.dll
Event: 0.029 Loaded shared library C:\Program Files\Microsoft\jdk-17.0.15.6-hotspot\bin\jsvml.dll
Event: 0.078 Loaded shared library C:\Program Files\Microsoft\jdk-17.0.15.6-hotspot\bin\net.dll
Event: 0.081 Loaded shared library C:\Program Files\Microsoft\jdk-17.0.15.6-hotspot\bin\nio.dll
Event: 0.107 Loaded shared library C:\Program Files\Microsoft\jdk-17.0.15.6-hotspot\bin\zip.dll
Event: 0.144 Loaded shared library C:\Program Files\Microsoft\jdk-17.0.15.6-hotspot\bin\jimage.dll

Deoptimization events (20 events):
Event: 1.397 Thread 0x000001cadb88c5d0 Uncommon trap: trap_request=0xffffff45 fr.pc=0x000001caeaf003f4 relative=0x00000000000004b4
Event: 1.397 Thread 0x000001cadb88c5d0 Uncommon trap: reason=unstable_if action=reinterpret pc=0x000001caeaf003f4 method=org.jetbrains.kotlin.cli.jvm.compiler.jarfs.LargeDynamicMappedBuffer.withMappedRange(JJLkotlin/jvm/functions/Function1;)Ljava/lang/Object; @ 84 c2
Event: 1.397 Thread 0x000001cadb88c5d0 DEOPT PACKING pc=0x000001caeaf003f4 sp=0x0000002da55fd9d0
Event: 1.397 Thread 0x000001cadb88c5d0 DEOPT UNPACKING pc=0x000001caea9569a3 sp=0x0000002da55fd970 mode 2
Event: 1.403 Thread 0x000001cadb88c5d0 Uncommon trap: trap_request=0xffffff45 fr.pc=0x000001caeaefc378 relative=0x0000000000000d38
Event: 1.403 Thread 0x000001cadb88c5d0 Uncommon trap: reason=unstable_if action=reinterpret pc=0x000001caeaefc378 method=java.nio.ByteBuffer.getArray(I[BII)Ljava/nio/ByteBuffer; @ 9 c2
Event: 1.403 Thread 0x000001cadb88c5d0 DEOPT PACKING pc=0x000001caeaefc378 sp=0x0000002da55fd890
Event: 1.403 Thread 0x000001cadb88c5d0 DEOPT UNPACKING pc=0x000001caea9569a3 sp=0x0000002da55fd600 mode 2
Event: 1.418 Thread 0x000001cadb88c5d0 Uncommon trap: trap_request=0xffffff45 fr.pc=0x000001caeaf09260 relative=0x0000000000000f80
Event: 1.418 Thread 0x000001cadb88c5d0 Uncommon trap: reason=unstable_if action=reinterpret pc=0x000001caeaf09260 method=org.jetbrains.kotlin.cli.jvm.compiler.jarfs.FastJarVirtualFile.<init>(Lorg/jetbrains/kotlin/cli/jvm/compiler/jarfs/FastJarHandler;Ljava/lang/CharSequence;JLorg/jetbrains/kot
Event: 1.418 Thread 0x000001cadb88c5d0 DEOPT PACKING pc=0x000001caeaf09260 sp=0x0000002da55fdb30
Event: 1.418 Thread 0x000001cadb88c5d0 DEOPT UNPACKING pc=0x000001caea9569a3 sp=0x0000002da55fdb18 mode 2
Event: 1.422 Thread 0x000001cadb88c5d0 Uncommon trap: trap_request=0xffffff45 fr.pc=0x000001caeaf040a8 relative=0x00000000000000e8
Event: 1.422 Thread 0x000001cadb88c5d0 Uncommon trap: reason=unstable_if action=reinterpret pc=0x000001caeaf040a8 method=org.jetbrains.kotlin.com.intellij.openapi.util.text.StringUtilRt.equal(Ljava/lang/CharSequence;Ljava/lang/CharSequence;Z)Z @ 64 c2
Event: 1.422 Thread 0x000001cadb88c5d0 DEOPT PACKING pc=0x000001caeaf040a8 sp=0x0000002da55fdbb0
Event: 1.422 Thread 0x000001cadb88c5d0 DEOPT UNPACKING pc=0x000001caea9569a3 sp=0x0000002da55fdae0 mode 2
Event: 1.424 Thread 0x000001cadb88c5d0 Uncommon trap: trap_request=0xffffff45 fr.pc=0x000001caeaf01300 relative=0x00000000000000c0
Event: 1.424 Thread 0x000001cadb88c5d0 Uncommon trap: reason=unstable_if action=reinterpret pc=0x000001caeaf01300 method=org.jetbrains.kotlin.com.intellij.openapi.util.text.StringUtilRt.equal(Ljava/lang/CharSequence;Ljava/lang/CharSequence;Z)Z @ 64 c2
Event: 1.424 Thread 0x000001cadb88c5d0 DEOPT PACKING pc=0x000001caeaf01300 sp=0x0000002da55fdb40
Event: 1.424 Thread 0x000001cadb88c5d0 DEOPT UNPACKING pc=0x000001caea9569a3 sp=0x0000002da55fdae0 mode 2

Classes loaded (20 events):
Event: 1.315 Loading class jdk/internal/misc/ScopedMemoryAccess$Scope
Event: 1.315 Loading class jdk/internal/misc/ScopedMemoryAccess$Scope done
Event: 1.393 Loading class java/util/concurrent/TimeoutException
Event: 1.393 Loading class java/util/concurrent/TimeoutException done
Event: 1.393 Loading class java/util/concurrent/BlockingQueue
Event: 1.393 Loading class java/util/concurrent/BlockingQueue done
Event: 3.589 Loading class java/util/concurrent/locks/ReentrantReadWriteLock
Event: 3.590 Loading class java/util/concurrent/locks/ReadWriteLock
Event: 3.590 Loading class java/util/concurrent/locks/ReadWriteLock done
Event: 3.590 Loading class java/util/concurrent/locks/ReentrantReadWriteLock done
Event: 3.590 Loading class java/util/concurrent/locks/ReentrantReadWriteLock$NonfairSync
Event: 3.591 Loading class java/util/concurrent/locks/ReentrantReadWriteLock$Sync
Event: 3.591 Loading class java/util/concurrent/locks/ReentrantReadWriteLock$Sync done
Event: 3.591 Loading class java/util/concurrent/locks/ReentrantReadWriteLock$NonfairSync done
Event: 3.591 Loading class java/util/concurrent/locks/ReentrantReadWriteLock$Sync$ThreadLocalHoldCounter
Event: 3.591 Loading class java/util/concurrent/locks/ReentrantReadWriteLock$Sync$ThreadLocalHoldCounter done
Event: 3.591 Loading class java/util/concurrent/locks/ReentrantReadWriteLock$ReadLock
Event: 3.591 Loading class java/util/concurrent/locks/ReentrantReadWriteLock$ReadLock done
Event: 3.591 Loading class java/util/concurrent/locks/ReentrantReadWriteLock$WriteLock
Event: 3.591 Loading class java/util/concurrent/locks/ReentrantReadWriteLock$WriteLock done

Classes unloaded (0 events):
No events

Classes redefined (0 events):
No events

Internal exceptions (20 events):
Event: 0.744 Thread 0x000001cadb88c5d0 Exception <a 'java/lang/NoSuchMethodError'{0x0000000093e79218}: 'long java.lang.invoke.Invokers$Holder.invokeExact_MT(java.lang.Object, java.lang.Object, java.lang.Object)'> (0x0000000093e79218) 
thrown [s\src\hotspot\share\interpreter\linkResolver.cpp, line 759]
Event: 0.744 Thread 0x000001cadb88c5d0 Exception <a 'java/lang/NoSuchMethodError'{0x0000000093e7d718}: 'int java.lang.invoke.Invokers$Holder.invokeExact_MT(java.lang.Object, java.lang.Object, java.lang.Object)'> (0x0000000093e7d718) 
thrown [s\src\hotspot\share\interpreter\linkResolver.cpp, line 759]
Event: 0.771 Thread 0x000001cadb88c5d0 Exception <a 'java/lang/NoSuchMethodError'{0x0000000093d66fc0}: 'int java.lang.invoke.DirectMethodHandle$Holder.invokeStaticInit(java.lang.Object, java.lang.Object, java.lang.Object)'> (0x0000000093d66fc0) 
thrown [s\src\hotspot\share\interpreter\linkResolver.cpp, line 759]
Event: 0.781 Thread 0x000001cadb88c5d0 Exception <a 'java/lang/NoSuchMethodError'{0x0000000093d97890}: 'int java.lang.invoke.DirectMethodHandle$Holder.invokeStaticInit(java.lang.Object, java.lang.Object)'> (0x0000000093d97890) 
thrown [s\src\hotspot\share\interpreter\linkResolver.cpp, line 759]
Event: 0.819 Thread 0x000001cadb88c5d0 Exception <a 'java/lang/NoSuchMethodError'{0x0000000093c5c088}: 'int java.lang.invoke.DirectMethodHandle$Holder.invokeStatic(java.lang.Object)'> (0x0000000093c5c088) 
thrown [s\src\hotspot\share\interpreter\linkResolver.cpp, line 759]
Event: 0.820 Thread 0x000001cadb88c5d0 Exception <a 'java/lang/NoSuchMethodError'{0x0000000093c5f730}: 'int java.lang.invoke.DirectMethodHandle$Holder.invokeStaticInit(java.lang.Object)'> (0x0000000093c5f730) 
thrown [s\src\hotspot\share\interpreter\linkResolver.cpp, line 759]
Event: 0.835 Thread 0x000001cadb88c5d0 Exception <a 'java/lang/NoSuchMethodError'{0x0000000093c8a548}: 'java.lang.Object java.lang.invoke.DirectMethodHandle$Holder.invokeStatic(java.lang.Object, java.lang.Object, int, java.lang.Object, int)'> (0x0000000093c8a548) 
thrown [s\src\hotspot\share\interpreter\linkResolver.cpp, line 759]
Event: 0.836 Thread 0x000001cadb88c5d0 Exception <a 'java/lang/NoSuchMethodError'{0x0000000093c91878}: 'java.lang.Object java.lang.invoke.DirectMethodHandle$Holder.newInvokeSpecial(java.lang.Object, java.lang.Object, int)'> (0x0000000093c91878) 
thrown [s\src\hotspot\share\interpreter\linkResolver.cpp, line 759]
Event: 0.844 Thread 0x000001cadb88c5d0 Exception <a 'java/lang/NoSuchMethodError'{0x0000000093cc33d8}: 'void java.lang.invoke.DirectMethodHandle$Holder.invokeSpecial(java.lang.Object, java.lang.Object, java.lang.Object)'> (0x0000000093cc33d8) 
thrown [s\src\hotspot\share\interpreter\linkResolver.cpp, line 759]
Event: 1.052 Thread 0x000001cadb88c5d0 Exception <a 'java/lang/NoSuchMethodError'{0x0000000093551508}: 'java.lang.Object java.lang.invoke.DirectMethodHandle$Holder.invokeInterface(java.lang.Object, java.lang.Object)'> (0x0000000093551508) 
thrown [s\src\hotspot\share\interpreter\linkResolver.cpp, line 759]
Event: 1.114 Thread 0x000001cadb88c5d0 Exception <a 'java/lang/NoSuchMethodError'{0x00000000933d77d8}: 'void java.lang.invoke.DirectMethodHandle$Holder.invokeStaticInit(java.lang.Object, java.lang.Object)'> (0x00000000933d77d8) 
thrown [s\src\hotspot\share\interpreter\linkResolver.cpp, line 759]
Event: 1.166 Thread 0x000001cadb88c5d0 Exception <a 'java/lang/NoSuchMethodError'{0x00000000931cf900}: 'int java.lang.invoke.DirectMethodHandle$Holder.invokeVirtual(java.lang.Object, java.lang.Object, java.lang.Object)'> (0x00000000931cf900) 
thrown [s\src\hotspot\share\interpreter\linkResolver.cpp, line 759]
Event: 1.267 Thread 0x000001cadb88c5d0 Exception <a 'java/lang/NoSuchMethodError'{0x0000000092d10f78}: 'void java.lang.invoke.DirectMethodHandle$Holder.invokeVirtual(java.lang.Object, java.lang.Object)'> (0x0000000092d10f78) 
thrown [s\src\hotspot\share\interpreter\linkResolver.cpp, line 759]
Event: 1.282 Thread 0x000001cadb88c5d0 Exception <a 'java/lang/NoSuchMethodError'{0x0000000092d9ad40}: 'java.lang.Object java.lang.invoke.DirectMethodHandle$Holder.invokeStatic(java.lang.Object, java.lang.Object, long, long)'> (0x0000000092d9ad40) 
thrown [s\src\hotspot\share\interpreter\linkResolver.cpp, line 759]
Event: 1.292 Thread 0x000001cadb88c5d0 Exception <a 'java/lang/NoSuchMethodError'{0x0000000092dc06b8}: 'java.lang.Object java.lang.invoke.Invokers$Holder.invoke_MT(java.lang.Object, java.lang.Object, java.lang.Object)'> (0x0000000092dc06b8) 
thrown [s\src\hotspot\share\interpreter\linkResolver.cpp, line 759]
Event: 1.299 Thread 0x000001cadb88c5d0 Exception <a 'java/lang/NoSuchMethodError'{0x0000000092dd1a10}: 'java.lang.Object java.lang.invoke.DirectMethodHandle$Holder.invokeStatic(java.lang.Object, java.lang.Object, java.lang.Object, long, java.lang.Object)'> (0x0000000092dd1a10) 
thrown [s\src\hotspot\share\interpreter\linkResolver.cpp, line 759]
Event: 1.300 Thread 0x000001cadb88c5d0 Exception <a 'java/lang/NoSuchMethodError'{0x0000000092dd9a88}: 'java.lang.Object java.lang.invoke.DirectMethodHandle$Holder.newInvokeSpecial(java.lang.Object, java.lang.Object, java.lang.Object, long)'> (0x0000000092dd9a88) 
thrown [s\src\hotspot\share\interpreter\linkResolver.cpp, line 759]
Event: 1.397 Thread 0x000001cadb88c5d0 Implicit null exception at 0x000001caeaf00038 to 0x000001caeaf003cc
Event: 1.418 Thread 0x000001cadb88c5d0 Implicit null exception at 0x000001caeaf085fa to 0x000001caeaf0924c
Event: 3.619 Thread 0x000001cadb88c5d0 Exception <a 'java/lang/NoSuchMethodError'{0x00000000940dbd20}: 'java.lang.Object java.lang.invoke.DirectMethodHandle$Holder.newInvokeSpecial(java.lang.Object, int, java.lang.Object, java.lang.Object, java.lang.Object, java.lang.Object)'> (0x00000000940dbd20) 
thrown [s\src\hotspot\share\interpreter\linkResolver.cpp, line 759]

VM Operations (14 events):
Event: 0.108 Executing VM operation: HandshakeAllThreads
Event: 0.108 Executing VM operation: HandshakeAllThreads done
Event: 0.349 Executing VM operation: HandshakeAllThreads
Event: 0.349 Executing VM operation: HandshakeAllThreads done
Event: 0.489 Executing VM operation: HandshakeAllThreads
Event: 0.489 Executing VM operation: HandshakeAllThreads done
Event: 0.677 Executing VM operation: G1CollectForAllocation
Event: 0.682 Executing VM operation: G1CollectForAllocation done
Event: 1.687 Executing VM operation: Cleanup
Event: 2.520 Executing VM operation: Cleanup done
Event: 3.526 Executing VM operation: G1CollectForAllocation
Event: 3.536 Executing VM operation: G1CollectForAllocation done
Event: 4.538 Executing VM operation: Cleanup
Event: 4.538 Executing VM operation: Cleanup done

Memory protections (0 events):
No events

Nmethod flushes (0 events):
No events

Events (16 events):
Event: 0.030 Thread 0x000001cadb88c5d0 Thread added: 0x000001cadb88c5d0
Event: 0.033 Thread 0x000001cadb88c5d0 Thread added: 0x000001caf99ee730
Event: 0.033 Thread 0x000001cadb88c5d0 Thread added: 0x000001caf99f1300
Event: 0.044 Thread 0x000001cadb88c5d0 Thread added: 0x000001caf9a08a00
Event: 0.044 Thread 0x000001cadb88c5d0 Thread added: 0x000001caf9a0b6e0
Event: 0.044 Thread 0x000001cadb88c5d0 Thread added: 0x000001caf9a0bfb0
Event: 0.044 Thread 0x000001cadb88c5d0 Thread added: 0x000001caf9a0e890
Event: 0.045 Thread 0x000001cadb88c5d0 Thread added: 0x000001caf9a3a9c0
Event: 0.045 Thread 0x000001cadb88c5d0 Thread added: 0x000001caf9a3d2e0
Event: 0.045 Thread 0x000001cadb88c5d0 Thread added: 0x000001caf9a3dbf0
Event: 0.073 Thread 0x000001cadb88c5d0 Thread added: 0x000001caf9b7e490
Event: 0.075 Thread 0x000001cadb88c5d0 Thread added: 0x000001caf9b811e0
Event: 0.098 Thread 0x000001caf9a3a9c0 Thread added: 0x000001caf9bbec90
Event: 1.112 Thread 0x000001caf9bbec90 Thread exited: 0x000001caf9bbec90
Event: 1.327 Thread 0x000001caf9a3d2e0 Thread added: 0x000001cafe57c030
Event: 3.521 Thread 0x000001caf9a3d2e0 Thread added: 0x000001cafebca6e0


Dynamic libraries:
0x00007ff778970000 - 0x00007ff77897e000 	C:\Program Files\Microsoft\jdk-17.0.15.6-hotspot\bin\java.exe
0x00007fff333c0000 - 0x00007fff33628000 	C:\WINDOWS\SYSTEM32\ntdll.dll
0x00007fff32970000 - 0x00007fff32a39000 	C:\WINDOWS\System32\KERNEL32.DLL
0x00007fff30740000 - 0x00007fff30b2d000 	C:\WINDOWS\System32\KERNELBASE.dll
0x00007fff31010000 - 0x00007fff3115b000 	C:\WINDOWS\System32\ucrtbase.dll
0x00007ffeb84e0000 - 0x00007ffeb84fd000 	C:\Program Files\Microsoft\jdk-17.0.15.6-hotspot\bin\VCRUNTIME140.dll
0x00007ffeb9b10000 - 0x00007ffeb9b27000 	C:\Program Files\Microsoft\jdk-17.0.15.6-hotspot\bin\jli.dll
0x00007fff32f90000 - 0x00007fff3315c000 	C:\WINDOWS\System32\USER32.dll
0x00007fff30e60000 - 0x00007fff30e87000 	C:\WINDOWS\System32\win32u.dll
0x00007fff33350000 - 0x00007fff3337b000 	C:\WINDOWS\System32\GDI32.dll
0x00007fff129c0000 - 0x00007fff12c5a000 	C:\WINDOWS\WinSxS\amd64_microsoft.windows.common-controls_6595b64144ccf1df_6.0.26100.4484_none_3e0e6d4ce32ef3b3\COMCTL32.dll
0x00007fff30bc0000 - 0x00007fff30cf7000 	C:\WINDOWS\System32\gdi32full.dll
0x00007fff326c0000 - 0x00007fff32769000 	C:\WINDOWS\System32\msvcrt.dll
0x00007fff30510000 - 0x00007fff305b3000 	C:\WINDOWS\System32\msvcp_win.dll
0x00007fff32dd0000 - 0x00007fff32dff000 	C:\WINDOWS\System32\IMM32.DLL
0x00007ffefbf70000 - 0x00007ffefbf7c000 	C:\Program Files\Microsoft\jdk-17.0.15.6-hotspot\bin\vcruntime140_1.dll
0x00007ffe8b7b0000 - 0x00007ffe8b83d000 	C:\Program Files\Microsoft\jdk-17.0.15.6-hotspot\bin\msvcp140.dll
0x00007ffe892e0000 - 0x00007ffe89f52000 	C:\Program Files\Microsoft\jdk-17.0.15.6-hotspot\bin\server\jvm.dll
0x00007fff31730000 - 0x00007fff317e4000 	C:\WINDOWS\System32\ADVAPI32.dll
0x00007fff32d10000 - 0x00007fff32db6000 	C:\WINDOWS\System32\sechost.dll
0x00007fff32a40000 - 0x00007fff32b58000 	C:\WINDOWS\System32\RPCRT4.dll
0x00007fff31a10000 - 0x00007fff31a84000 	C:\WINDOWS\System32\WS2_32.dll
0x00007fff30360000 - 0x00007fff303be000 	C:\WINDOWS\SYSTEM32\POWRPROF.dll
0x00007fff23fa0000 - 0x00007fff23fab000 	C:\WINDOWS\SYSTEM32\VERSION.dll
0x00007fff24500000 - 0x00007fff24535000 	C:\WINDOWS\SYSTEM32\WINMM.dll
0x00007fff30340000 - 0x00007fff30354000 	C:\WINDOWS\SYSTEM32\UMPDC.dll
0x00007fff2f2b0000 - 0x00007fff2f2cb000 	C:\WINDOWS\SYSTEM32\kernel.appcore.dll
0x00007ffefb060000 - 0x00007ffefb06a000 	C:\Program Files\Microsoft\jdk-17.0.15.6-hotspot\bin\jimage.dll
0x00007fff22200000 - 0x00007fff22441000 	C:\WINDOWS\SYSTEM32\DBGHELP.DLL
0x00007fff31320000 - 0x00007fff316a6000 	C:\WINDOWS\System32\combase.dll
0x00007fff32e10000 - 0x00007fff32ef0000 	C:\WINDOWS\System32\OLEAUT32.dll
0x00007fff0bc30000 - 0x00007fff0bc73000 	C:\WINDOWS\SYSTEM32\dbgcore.DLL
0x00007fff30d00000 - 0x00007fff30d99000 	C:\WINDOWS\System32\bcryptPrimitives.dll
0x00007ffe8c8d0000 - 0x00007ffe8c8f5000 	C:\Program Files\Microsoft\jdk-17.0.15.6-hotspot\bin\java.dll
0x00007ffe8b6d0000 - 0x00007ffe8b7a6000 	C:\Program Files\Microsoft\jdk-17.0.15.6-hotspot\bin\jsvml.dll
0x00007fff31a90000 - 0x00007fff321da000 	C:\WINDOWS\System32\SHELL32.dll
0x00007fff305c0000 - 0x00007fff30734000 	C:\WINDOWS\System32\wintypes.dll
0x00007fff2e120000 - 0x00007fff2e97b000 	C:\WINDOWS\SYSTEM32\windows.storage.dll
0x00007fff33160000 - 0x00007fff33255000 	C:\WINDOWS\System32\SHCORE.dll
0x00007fff332e0000 - 0x00007fff3334a000 	C:\WINDOWS\System32\shlwapi.dll
0x00007fff30420000 - 0x00007fff3044f000 	C:\WINDOWS\SYSTEM32\profapi.dll
0x00007ffea7df0000 - 0x00007ffea7e0a000 	C:\Program Files\Microsoft\jdk-17.0.15.6-hotspot\bin\net.dll
0x00007fff290e0000 - 0x00007fff291fe000 	C:\WINDOWS\SYSTEM32\WINHTTP.dll
0x00007fff2f840000 - 0x00007fff2f8aa000 	C:\WINDOWS\system32\mswsock.dll
0x00007ffe905f0000 - 0x00007ffe90606000 	C:\Program Files\Microsoft\jdk-17.0.15.6-hotspot\bin\nio.dll
0x00007ffe8c8b0000 - 0x00007ffe8c8c8000 	C:\Program Files\Microsoft\jdk-17.0.15.6-hotspot\bin\zip.dll
0x00007ffefae50000 - 0x00007ffefae60000 	C:\Program Files\Microsoft\jdk-17.0.15.6-hotspot\bin\verify.dll

dbghelp: loaded successfully - version: 4.0.5 - missing functions: none
symbol engine: initialized successfully - sym options: 0x614 - pdb path: .;C:\Program Files\Microsoft\jdk-17.0.15.6-hotspot\bin;C:\WINDOWS\SYSTEM32;C:\WINDOWS\WinSxS\amd64_microsoft.windows.common-controls_6595b64144ccf1df_6.0.26100.4484_none_3e0e6d4ce32ef3b3;C:\Program Files\Microsoft\jdk-17.0.15.6-hotspot\bin\server

VM Arguments:
java_command: org.jetbrains.kotlin.cli.jvm.K2JVMCompiler @C:\Users\aherp\Desktop\react_native\HealthCard\android\app\build\20250721_17652433876034326550.compiler.options
java_class_path (initial): C:\Users\aherp\.gradle\caches\modules-2\files-2.1\org.jetbrains.kotlin\kotlin-compiler-embeddable\2.1.20\4ef56b3316798316bfac7a0ae443391c9e900ea1\kotlin-compiler-embeddable-2.1.20.jar;C:\Users\aherp\.gradle\caches\modules-2\files-2.1\org.jetbrains.kotlin\kotlin-stdlib\2.1.20\aa8ca79cd50578314f6d1180c47cbe14c0fee567\kotlin-stdlib-2.1.20.jar;C:\Users\aherp\.gradle\caches\modules-2\files-2.1\org.jetbrains.kotlin\kotlin-script-runtime\2.1.20\f7c623d7f7bdb01f5ccd6b437bc0a937fcd7c57e\kotlin-script-runtime-2.1.20.jar;C:\Users\aherp\.gradle\caches\modules-2\files-2.1\org.jetbrains.kotlin\kotlin-reflect\1.6.10\1cbe9c92c12a94eea200d23c2bbaedaf3daf5132\kotlin-reflect-1.6.10.jar;C:\Users\aherp\.gradle\caches\modules-2\files-2.1\org.jetbrains.kotlin\kotlin-daemon-embeddable\2.1.20\95670fce77befd02a70a0bc3abe8ee4533521334\kotlin-daemon-embeddable-2.1.20.jar;C:\Users\aherp\.gradle\caches\modules-2\files-2.1\org.jetbrains.intellij.deps\trove4j\1.0.20200330\3afb14d5f9ceb459d724e907a21145e8ff394f02\trove4j-1.0.20200330.jar;C:\Users\aherp\.gradle\caches\modules-2\files-2.1\org.jetbrains.kotlinx\kotlinx-coroutines-core-jvm\1.8.0\ac1dc37a30a93150b704022f8d895ee1bd3a36b3\kotlinx-coroutines-core-jvm-1.8.0.jar;C:\Users\aherp\.gradle\caches\modules-2\files-2.1\org.jetbrains\annotations\13.0\919f0dfe192fb4e063e7dacadee7f8bb9a2672a9\annotations-13.0.jar
Launcher Type: SUN_STANDARD

[Global flags]
     intx CICompilerCount                          = 4                                         {product} {ergonomic}
     uint ConcGCThreads                            = 3                                         {product} {ergonomic}
     uint G1ConcRefinementThreads                  = 10                                        {product} {ergonomic}
   size_t G1HeapRegionSize                         = 1048576                                   {product} {ergonomic}
    uintx GCDrainStackTargetSize                   = 64                                        {product} {ergonomic}
   size_t InitialHeapSize                          = 121634816                                 {product} {ergonomic}
   size_t MarkStackSize                            = 4194304                                   {product} {ergonomic}
   size_t MaxHeapSize                              = 1931476992                                {product} {ergonomic}
   size_t MaxNewSize                               = 1158676480                                {product} {ergonomic}
   size_t MinHeapDeltaBytes                        = 1048576                                   {product} {ergonomic}
   size_t MinHeapSize                              = 8388608                                   {product} {ergonomic}
    uintx NonNMethodCodeHeapSize                   = 5839372                                {pd product} {ergonomic}
    uintx NonProfiledCodeHeapSize                  = 122909434                              {pd product} {ergonomic}
    uintx ProfiledCodeHeapSize                     = 122909434                              {pd product} {ergonomic}
    uintx ReservedCodeCacheSize                    = 251658240                              {pd product} {ergonomic}
     bool SegmentedCodeCache                       = true                                      {product} {ergonomic}
   size_t SoftMaxHeapSize                          = 1931476992                             {manageable} {ergonomic}
     bool UseCompressedClassPointers               = true                           {product lp64_product} {ergonomic}
     bool UseCompressedOops                        = true                           {product lp64_product} {ergonomic}
     bool UseG1GC                                  = true                                      {product} {ergonomic}
     bool UseLargePagesIndividualAllocation        = false                                  {pd product} {ergonomic}

Logging:
Log output configuration:
 #0: stdout all=warning uptime,level,tags
 #1: stderr all=off uptime,level,tags

Environment Variables:
JAVA_HOME=C:\Program Files\Microsoft\jdk-17.0.15.6-hotspot\
PATH=C:\Users\aherp\Desktop\react_native\HealthCard\node_modules\.bin;C:\Users\aherp\Desktop\react_native\HealthCard\node_modules\.bin;C:\Users\aherp\Desktop\react_native\node_modules\.bin;C:\Users\aherp\Desktop\node_modules\.bin;C:\Users\aherp\node_modules\.bin;C:\Users\node_modules\.bin;C:\node_modules\.bin;C:\Program Files\nodejs\node_modules\npm\node_modules\@npmcli\run-script\lib\node-gyp-bin;C:\Program Files\Microsoft\jdk-17.0.15.6-hotspot\bin;C:\Python313\Scripts\;C:\Python313\;C:\windows\system32;C:\windows;C:\windows\System32\Wbem;C:\windows\System32\WindowsPowerShell\v1.0\;C:\windows\System32\OpenSSH\;C:\Program Files\nodejs\;C:\ProgramData\chocolatey\bin;C:\Program Files\HP\HP One Agent;C:\Users\aherp\Downloads\Git\cmd;C:\WINDOWS\system32;C:\WINDOWS;C:\WINDOWS\System32\Wbem;C:\WINDOWS\System32\WindowsPowerShell\v1.0\;C:\WINDOWS\System32\OpenSSH\;C:\Users\aherp\AppData\Local\Android\Sdk\platform-tools;C:\Users\aherp\AppData\Local\Android\Sdk\tools;C:\Users\aherp\AppData\Local\Microsoft\WindowsApps;C:\Users\aherp\AppData\Roaming\npm;C:\Users\aherp\AppData\Local\Programs\Microsoft VS Code\bin;
USERNAME=aherp
LANG=en_US.UTF-8
OS=Windows_NT
PROCESSOR_IDENTIFIER=AMD64 Family 25 Model 68 Stepping 1, AuthenticAMD
TMP=C:\Users\aherp\AppData\Local\Temp
TEMP=C:\Users\aherp\AppData\Local\Temp



Periodic native trim disabled


---------------  S Y S T E M  ---------------

OS:
 Windows 11 , 64 bit Build 26100 (10.0.26100.4484)
OS uptime: 0 days 2:05 hours
Hyper-V role detected

CPU: total 12 (initial active 12) (12 cores per cpu, 2 threads per core) family 25 model 68 stepping 1 microcode 0xa40410a, cx8, cmov, fxsr, ht, mmx, 3dnowpref, sse, sse2, sse3, ssse3, sse4a, sse4.1, sse4.2, popcnt, lzcnt, tsc, tscinvbit, avx, avx2, aes, erms, clmul, bmi1, bmi2, adx, sha, fma, vzeroupper, clflush, clflushopt, hv
Processor Information for processor 0
  Max Mhz: 3301, Current Mhz: 3301, Mhz Limit: 3301
Processor Information for processor 1
  Max Mhz: 3301, Current Mhz: 2635, Mhz Limit: 3301
Processor Information for processor 2
  Max Mhz: 3301, Current Mhz: 3301, Mhz Limit: 3301
Processor Information for processor 3
  Max Mhz: 3301, Current Mhz: 2635, Mhz Limit: 3301
Processor Information for processor 4
  Max Mhz: 3301, Current Mhz: 2635, Mhz Limit: 3301
Processor Information for processor 5
  Max Mhz: 3301, Current Mhz: 3301, Mhz Limit: 3301
Processor Information for processor 6
  Max Mhz: 3301, Current Mhz: 2635, Mhz Limit: 3301
Processor Information for processor 7
  Max Mhz: 3301, Current Mhz: 3301, Mhz Limit: 3301
Processor Information for processor 8
  Max Mhz: 3301, Current Mhz: 2635, Mhz Limit: 3301
Processor Information for processor 9
  Max Mhz: 3301, Current Mhz: 3301, Mhz Limit: 3301
Processor Information for processor 10
  Max Mhz: 3301, Current Mhz: 2635, Mhz Limit: 3301
Processor Information for processor 11
  Max Mhz: 3301, Current Mhz: 2635, Mhz Limit: 3301

Memory: 4k page, system-wide physical 7365M (683M free)
TotalPageFile size 29893M (AvailPageFile size 0M)
current process WorkingSet (physical memory assigned to process): 134M, peak: 134M
current process commit charge ("private bytes"): 250M, peak: 251M

vm_info: OpenJDK 64-Bit Server VM (17.0.15+6-LTS) for windows-amd64 JRE (17.0.15+6-LTS), built on Apr  9 2025 22:27:25 by "MicrosoftCorporation" with unknown MS VC++:1939

END.
